\BOOKMARK [-1][]{thuchapter.1.-1}{\376\377\137\000\230\230\142\245\124\112}{}% 1
\BOOKMARK [0][]{thuchapter.2.0}{\376\377\144\130\211\201}{thuchapter.1.-1}% 2
\BOOKMARK [0][]{thuchapter.3.0}{\376\377\166\356\137\125}{thuchapter.1.-1}% 3
\BOOKMARK [0][]{chapter.1}{\376\377\173\054\0001\172\340\000\040\220\011\230\230\200\314\146\157\123\312\141\017\116\111}{thuchapter.1.-1}% 4
\BOOKMARK [1][-]{section.1.1}{\376\377\0001\000.\0001\000\040\221\317\133\120\116\222\200\124\177\121\166\204\123\321\134\125\141\077\146\157\116\016\150\070\137\303\143\021\142\030}{chapter.1}% 5
\BOOKMARK [1][-]{section.1.2}{\376\377\0001\000.\0002\000\040\221\317\133\120\177\121\176\334\215\357\165\061}{chapter.1}% 6
\BOOKMARK [1][-]{section.1.3}{\376\377\0001\000.\0003\000\040\155\367\124\010\177\121\176\334\116\377\167\037\136\163\123\360}{chapter.1}% 7
\BOOKMARK [1][-]{section.1.4}{\376\377\0001\000.\0004\000\040\147\054\213\376\230\230\142\337\211\343\121\263\166\204\121\163\225\056\225\356\230\230\116\016\170\024\172\166\121\205\133\271}{chapter.1}% 8
\BOOKMARK [0][]{chapter.2}{\376\377\173\054\0002\172\340\000\040\163\260\147\011\170\024\172\166\176\374\217\360}{thuchapter.1.-1}% 9
\BOOKMARK [1][-]{section.2.1}{\376\377\0002\000.\0001\000\040\221\317\133\120\177\121\176\334\215\357\165\061\123\117\213\256\170\024\172\166\217\333\134\125}{chapter.2}% 10
\BOOKMARK [2][-]{subsection.2.1.1}{\376\377\0002\000.\0001\000.\0001\000\040\127\372\116\216\224\376\215\357\162\266\140\001\116\016\136\246\221\317\213\241\173\227\166\204\215\357\165\061\203\003\137\017}{section.2.1}% 11
\BOOKMARK [2][-]{subsection.2.1.2}{\376\377\0002\000.\0001\000.\0002\000\040\217\321\147\037\116\343\210\150\140\047\215\357\165\061\123\117\213\256\213\346\217\360}{section.2.1}% 12
\BOOKMARK [3][-]{subsubsection.2.1.2.1}{\376\377\0002\000.\0001\000.\0002\000.\0001\000\040\127\372\116\216\215\357\165\061\116\343\145\160\116\016\000K\000O\000P\166\204\117\030\123\026\215\357\165\061\123\117\213\256}{subsection.2.1.2}% 13
\BOOKMARK [3][-]{subsubsection.2.1.2.2}{\376\377\0002\000.\0001\000.\0002\000.\0002\000\040\117\335\167\037\136\246\141\037\167\345\166\204\131\032\215\357\137\204\131\032\117\123\140\001\122\006\123\321\123\117\213\256}{subsection.2.1.2}% 14
\BOOKMARK [1][-]{section.2.2}{\376\377\0002\000.\0002\000\040\221\317\133\120\177\121\176\334\152\041\142\337\145\271\154\325\170\024\172\166\163\260\162\266}{chapter.2}% 15
\BOOKMARK [2][-]{subsection.2.2.1}{\376\377\0002\000.\0002\000.\0001\000\040\116\073\155\101\221\317\133\120\177\121\176\334\152\041\142\337\126\150\123\312\121\166\145\271\154\325}{section.2.2}% 16
\BOOKMARK [2][-]{subsection.2.2.2}{\376\377\0002\000.\0002\000.\0002\000\040\143\247\122\066\155\101\220\002\136\224\377\032\116\000\171\315\224\210\133\371\000L\000O\000C\000C\123\117\213\256\166\204\232\330\145\110\152\041\142\337\145\271\154\325}{section.2.2}% 17
\BOOKMARK [1][-]{section.2.3}{\376\377\0002\000.\0003\000\040\170\024\172\166\163\260\162\266\140\073\176\323}{chapter.2}% 18
\BOOKMARK [0][]{chapter.3}{\376\377\173\054\0003\172\340\000\040\170\024\172\166\145\271\154\325}{thuchapter.1.-1}% 19
\BOOKMARK [1][-]{section.3.1}{\376\377\0003\000.\0001\000\040\227\142\124\021\117\335\167\037\136\246\117\030\123\026\166\204\215\357\165\061\173\227\154\325\213\276\213\241}{chapter.3}% 20
\BOOKMARK [2][-]{subsection.3.1.1}{\376\377\0003\000.\0001\000.\0001\000\040\117\335\167\037\136\246\210\160\121\317\152\041\127\213\116\016\215\357\137\204\136\246\221\317}{section.3.1}% 21
\BOOKMARK [2][-]{subsection.3.1.2}{\376\377\0003\000.\0001\000.\0002\000\040\201\352\220\002\136\224\147\103\221\315\214\003\145\164\147\072\122\066}{section.3.1}% 22
\BOOKMARK [1][-]{section.3.2}{\376\377\0003\000.\0002\000\040\127\372\116\216\000q\000n\000s\000-\0003\166\204\155\367\124\010\177\121\176\334\123\117\213\256\150\010\133\236\163\260\116\016\232\214\213\301}{chapter.3}% 23
\BOOKMARK [2][-]{subsection.3.2.1}{\376\377\0003\000.\0002\000.\0001\000\040\123\117\213\256\150\010\133\236\163\260\166\204\121\163\225\056\142\200\147\057\225\356\230\230}{section.3.2}% 24
\BOOKMARK [2][-]{subsection.3.2.2}{\376\377\0003\000.\0002\000.\0002\000\040\174\373\176\337\140\047\116\377\167\037\213\304\117\060\213\276\213\241}{section.3.2}% 25
\BOOKMARK [0][]{chapter.4}{\376\377\173\054\0004\172\340\000\040\170\024\172\166\213\241\122\022}{thuchapter.1.-1}% 26
\BOOKMARK [1][-]{section.4.1}{\376\377\0004\000.\0001\000\040\173\054\116\000\226\066\153\265\377\032\150\070\137\303\145\271\150\110\213\276\213\241\377\010\173\054\0001\000-\0004\124\150\377\011}{chapter.4}% 27
\BOOKMARK [1][-]{section.4.2}{\376\377\0004\000.\0002\000\040\173\054\116\214\226\066\153\265\377\032\174\373\176\337\133\236\163\260\116\016\226\306\142\020\377\010\173\054\0005\000-\0009\124\150\377\011}{chapter.4}% 28
\BOOKMARK [1][-]{section.4.3}{\376\377\0004\000.\0003\000\040\173\054\116\011\226\066\153\265\377\032\140\047\200\375\213\304\117\060\116\016\122\006\147\220\377\010\173\054\0001\0000\000-\0001\0003\124\150\377\011}{chapter.4}% 29
\BOOKMARK [1][-]{section.4.4}{\376\377\0004\000.\0004\000\040\173\054\126\333\226\066\153\265\377\032\213\272\145\207\144\260\121\231\116\016\173\124\217\251\121\306\131\007\377\010\173\054\0001\0004\000-\0001\0006\124\150\377\011}{chapter.4}% 30
\BOOKMARK [0][]{section*.6}{\376\377\123\302\200\003\145\207\163\056}{thuchapter.1.-1}% 31
